<?xml version="1.0" encoding="UTF-8"?>
<testsuite xmlns:xsi="http://www.w3.org/2001/XMLSchema-instance" xsi:noNamespaceSchemaLocation="https://maven.apache.org/surefire/maven-surefire-plugin/xsd/surefire-test-report.xsd" name="TestSuite" time="5.414" tests="3" errors="0" skipped="0" failures="0">
  <properties>
[...]
</properties>
  <testcase name="runScenario" classname="cucumberOptions.TestRunnerTestNg" time="0.49"/>
  <testcase name="runScenario" classname="cucumberOptions.TestRunnerTestNg" time="0.031"/>
  <testcase name="shouldAnswerWithTrue on shouldAnswerWithTrue(Cucumber.Automation.AppTest)" classname="Cucumber.Automation.AppTest" time="0.002"/>
</testsuite>